TN:
SF:src\app\app.component.ts
FN:12,(anonymous_0)
FN:13,(anonymous_1)
FN:20,(anonymous_2)
FNF:3
FNH:3
FNDA:4,(anonymous_0)
FNDA:6,(anonymous_1)
FNDA:6,(anonymous_2)
DA:9,1
DA:10,4
DA:11,4
DA:12,4
DA:13,4
DA:14,6
DA:15,4
DA:20,4
DA:21,6
DA:24,2
LF:10
LH:10
BRDA:14,0,0,4
BRDA:21,1,0,2
BRDA:21,2,0,6
BRDA:21,2,1,4
BRDA:21,2,2,4
BRF:5
BRH:5
end_of_record
TN:
SF:src\app\common\access-denied\access-denied.component.ts
FN:9,(anonymous_0)
FN:11,(anonymous_1)
FNF:2
FNH:2
FNDA:1,(anonymous_0)
FNDA:1,(anonymous_1)
DA:7,1
LF:1
LH:1
BRF:0
BRH:0
end_of_record
TN:
SF:src\app\common\footer\footer.component.ts
FN:12,(anonymous_0)
FN:18,(anonymous_1)
FNF:2
FNH:2
FNDA:2,(anonymous_0)
FNDA:2,(anonymous_1)
DA:7,1
DA:13,2
DA:14,2
DA:15,2
LF:4
LH:4
BRF:0
BRH:0
end_of_record
TN:
SF:src\app\common\header\header.component.ts
FN:12,(anonymous_0)
FN:18,(anonymous_1)
FNF:2
FNH:2
FNDA:2,(anonymous_0)
FNDA:2,(anonymous_1)
DA:8,1
DA:13,2
DA:14,2
DA:15,2
LF:4
LH:4
BRF:0
BRH:0
end_of_record
TN:
SF:src\app\common\page-not-found\page-not-found.component.ts
FN:9,(anonymous_0)
FN:11,(anonymous_1)
FNF:2
FNH:2
FNDA:1,(anonymous_0)
FNDA:1,(anonymous_1)
DA:7,1
LF:1
LH:1
BRF:0
BRH:0
end_of_record
TN:
SF:src\app\directive\sim-number.directive.ts
FN:9,(anonymous_0)
FN:12,(anonymous_1)
FN:17,(anonymous_2)
FN:21,(anonymous_3)
FNF:4
FNH:4
FNDA:6,(anonymous_0)
FNDA:5,(anonymous_1)
FNDA:1,(anonymous_2)
FNDA:7,(anonymous_3)
DA:7,1
DA:9,6
DA:13,5
DA:18,1
DA:22,7
DA:23,7
DA:24,1
DA:26,7
DA:27,1
DA:28,6
DA:29,1
DA:30,5
DA:31,2
DA:32,3
DA:33,1
DA:34,2
DA:35,2
DA:37,7
LF:18
LH:18
BRDA:23,0,0,1
BRDA:23,1,0,7
BRDA:23,1,1,1
BRDA:26,2,0,1
BRDA:26,2,1,6
BRDA:28,3,0,1
BRDA:28,3,1,5
BRDA:30,4,0,2
BRDA:30,4,1,3
BRDA:32,5,0,1
BRDA:32,5,1,2
BRDA:34,6,0,2
BRF:12
BRH:12
end_of_record
TN:
SF:src\app\pipe\phone-number-format.pipe.ts
FN:8,(anonymous_0)
FNF:1
FNH:1
FNDA:1,(anonymous_0)
DA:7,1
DA:9,1
DA:10,1
DA:11,1
DA:12,1
LF:5
LH:5
BRF:0
BRH:0
end_of_record
TN:
SF:src\app\pipe\sim-number-format.pipe.ts
FN:8,(anonymous_0)
FNF:1
FNH:1
FNDA:1,(anonymous_0)
DA:7,1
DA:9,1
DA:10,1
DA:11,1
LF:4
LH:4
BRF:0
BRH:0
end_of_record
TN:
SF:src\app\services\sim-activation.service.ts
FN:12,(anonymous_0)
FN:14,(anonymous_1)
FN:16,(anonymous_2)
FN:21,(anonymous_3)
FN:23,(anonymous_4)
FN:28,(anonymous_5)
FNF:6
FNH:6
FNDA:31,(anonymous_0)
FNDA:3,(anonymous_1)
FNDA:2,(anonymous_2)
FNDA:6,(anonymous_3)
FNDA:2,(anonymous_4)
FNDA:2,(anonymous_5)
DA:10,1
DA:12,31
DA:15,3
DA:16,2
DA:22,6
DA:23,2
DA:29,2
DA:31,1
DA:35,1
DA:40,2
LF:10
LH:10
BRDA:29,0,0,1
BRDA:29,0,1,1
BRF:2
BRH:2
end_of_record
TN:
SF:src\app\services\sim-info.service.ts
FN:19,(anonymous_0)
FN:26,(anonymous_1)
FN:31,(anonymous_2)
FN:39,(anonymous_3)
FN:42,(anonymous_4)
FN:49,(anonymous_5)
FNF:6
FNH:6
FNDA:31,(anonymous_0)
FNDA:9,(anonymous_1)
FNDA:4,(anonymous_2)
FNDA:2,(anonymous_3)
FNDA:2,(anonymous_4)
FNDA:2,(anonymous_5)
DA:13,1
DA:19,31
DA:27,9
DA:28,9
DA:31,4
DA:40,2
DA:42,2
DA:51,2
DA:53,1
DA:57,1
DA:62,2
LF:11
LH:11
BRDA:51,0,0,1
BRDA:51,0,1,1
BRF:2
BRH:2
end_of_record
TN:
SF:src\app\simactivation\simactivation.component.ts
FN:36,(anonymous_0)
FN:42,(anonymous_1)
FN:49,(anonymous_2)
FN:59,(anonymous_3)
FN:71,(anonymous_4)
FN:77,(anonymous_5)
FN:89,(anonymous_6)
FN:101,(anonymous_7)
FN:109,(anonymous_8)
FN:118,(anonymous_9)
FN:120,(anonymous_10)
FN:131,(anonymous_11)
FN:135,(anonymous_12)
FN:140,(anonymous_13)
FN:144,(anonymous_14)
FN:154,(anonymous_15)
FN:164,ValidateSimCard
FN:177,luhn_checksum
FNF:18
FNH:13
FNDA:25,(anonymous_0)
FNDA:24,(anonymous_1)
FNDA:24,(anonymous_2)
FNDA:2,(anonymous_3)
FNDA:5,(anonymous_4)
FNDA:1,(anonymous_5)
FNDA:2,(anonymous_6)
FNDA:0,(anonymous_7)
FNDA:0,(anonymous_8)
FNDA:2,(anonymous_9)
FNDA:4,(anonymous_10)
FNDA:0,(anonymous_11)
FNDA:1,(anonymous_12)
FNDA:0,(anonymous_13)
FNDA:0,(anonymous_14)
FNDA:25,(anonymous_15)
FNDA:71,ValidateSimCard
FNDA:71,luhn_checksum
DA:16,1
DA:22,25
DA:24,25
DA:25,25
DA:26,25
DA:27,25
DA:36,25
DA:37,25
DA:43,24
DA:50,24
DA:60,2
DA:61,2
DA:62,2
DA:63,2
DA:64,2
DA:72,5
DA:73,5
DA:74,5
DA:75,5
DA:76,5
DA:79,1
DA:81,1
DA:82,1
DA:83,1
DA:84,1
DA:85,1
DA:86,1
DA:90,2
DA:91,2
DA:93,1
DA:95,2
DA:96,1
DA:100,0
DA:102,0
DA:103,0
DA:104,0
DA:105,0
DA:106,0
DA:110,0
DA:119,2
DA:120,2
DA:121,4
DA:124,2
DA:128,2
DA:129,2
DA:130,2
DA:132,0
DA:133,0
DA:136,1
DA:139,0
DA:141,0
DA:142,0
DA:147,2
DA:148,2
DA:155,25
DA:156,5
DA:165,71
DA:166,71
DA:167,0
DA:169,71
DA:178,71
DA:179,71
DA:180,71
DA:181,71
DA:182,26
DA:183,26
DA:184,26
DA:185,26
DA:187,71
LF:69
LH:56
BRDA:63,0,0,2
BRDA:75,1,0,5
BRDA:75,1,1,0
BRDA:83,2,0,1
BRDA:91,3,0,1
BRDA:91,4,0,2
BRDA:91,4,1,2
BRDA:91,4,2,1
BRDA:91,4,3,1
BRDA:95,5,0,1
BRDA:103,6,0,0
BRDA:129,7,0,2
BRDA:129,7,1,0
BRDA:155,8,0,5
BRDA:166,9,0,0
BRDA:166,9,1,71
BRDA:183,10,0,12
BRDA:184,11,0,12
BRF:18
BRH:14
end_of_record
TN:
SF:src\environments\environment.ts
FNF:0
FNH:0
DA:5,1
LF:1
LH:1
BRF:0
BRH:0
end_of_record
TN:
SF:src\shared\shared.module.ts
FN:9,HttpLoaderFactory
FN:40,(anonymous_1)
FNF:2
FNH:1
FNDA:22,HttpLoaderFactory
FNDA:0,(anonymous_1)
DA:10,22
DA:30,1
DA:40,0
DA:42,0
DA:43,0
DA:44,0
DA:45,0
LF:7
LH:2
BRF:0
BRH:0
end_of_record
